빌드 시작: 2016-12-01 오후 4:45:26
     1>2 노드의 "C:\Users\A207-34\Documents\GitHub\EleTP\Elevator\Elevator\Elevator.vcxproj" 프로젝트(build 대상)입니다.
     1>InitializeBuildStatus:
         "AlwaysCreate"이(가) 지정되었기 때문에 "Debug\Elevator.unsuccessfulbuild"을(를) 만들고 있습니다.
       ClCompile:
         C:\Program Files (x86)\Microsoft Visual Studio 10.0\VC\bin\CL.exe /c /ZI /nologo /W3 /WX- /Od /Oy- /D WIN32 /D _DEBUG /D _CONSOLE /D _UNICODE /D UNICODE /Gm /EHsc /RTC1 /MDd /GS /fp:precise /Zc:wchar_t /Zc:forScope /Fo"Debug\\" /Fd"Debug\vc100.pdb" /Gd /TP /analyze- /errorReport:prompt main.cpp
         main.cpp
     1>c:\users\a207-34\documents\github\eletp\elevator\elevator\elevator.h : warning C4819: 현재 코드 페이지(949)에서 표시할 수 없는 문자가 파일에 들어 있습니다. 데이터가 손실되지 않게 하려면 해당 파일을 유니코드 형식으로 저장하십시오.
       ManifestResourceCompile:
         모든 출력이 최신 상태입니다.
       Link:
         C:\Program Files (x86)\Microsoft Visual Studio 10.0\VC\bin\link.exe /ERRORREPORT:PROMPT /OUT:"C:\Users\A207-34\Documents\GitHub\EleTP\Elevator\Debug\Elevator.exe" /INCREMENTAL /NOLOGO kernel32.lib user32.lib gdi32.lib winspool.lib comdlg32.lib advapi32.lib shell32.lib ole32.lib oleaut32.lib uuid.lib odbc32.lib odbccp32.lib /MANIFEST /ManifestFile:"Debug\Elevator.exe.intermediate.manifest" /MANIFESTUAC:"level='asInvoker' uiAccess='false'" /DEBUG /PDB:"C:\Users\A207-34\Documents\GitHub\EleTP\Elevator\Debug\Elevator.pdb" /SUBSYSTEM:CONSOLE /TLBID:1 /DYNAMICBASE /NXCOMPAT /IMPLIB:"C:\Users\A207-34\Documents\GitHub\EleTP\Elevator\Debug\Elevator.lib" /MACHINE:X86 Debug\Elevator.exe.embed.manifest.res
         Debug\main.obj
       Manifest:
         c:\Program Files (x86)\Microsoft SDKs\Windows\v7.0A\bin\mt.exe /nologo /verbose /out:"Debug\Elevator.exe.embed.manifest" /manifest Debug\Elevator.exe.intermediate.manifest
         모든 출력이 최신 상태입니다.
       LinkEmbedManifest:
         모든 출력이 최신 상태입니다.
         Elevator.vcxproj -> C:\Users\A207-34\Documents\GitHub\EleTP\Elevator\Debug\Elevator.exe
       FinalizeBuildStatus:
         "Debug\Elevator.unsuccessfulbuild" 파일을 삭제하고 있습니다.
         "Debug\Elevator.lastbuildstate"에 연결(touching)하고 있습니다.
     1>"C:\Users\A207-34\Documents\GitHub\EleTP\Elevator\Elevator\Elevator.vcxproj" 프로젝트를 빌드했습니다(build 대상).

빌드했습니다.

경과 시간: 00:00:00.59
